 1000  mkdir ws7
 1001  git init
 1002  cp amazon_reviews_us_Books_v1_02.tsv ws7
 1003  cd ws7/
 1004  ls
 1005  pwd
 1006  head amazon_reviews_us_Books_v1_02.tsv
 1007  grep "0373836635" amazon_reviews_us_Books_v1_02.tsv > product.txt
 1008  ls
 1009  cat products.txt
 1010  cat product.txt
 1011  awk -F "\t" '{print $14}' product.txt > 0373836635.txt
 1012  ls
 1013  cat 0373836635.txt
 1014  vi commands.txt
 1015  ls
 1016  sed -f commands.txt 0373836635.txt > output.txt
 1017  vi commands.txt
 1018  sed -f commands.txt 0373836635.txt > output.txt
 1019  cat commands.txt
 1020  vi commands.txt
 1021  sed -f commands.txt 0373836635.txt > output.txt
 1022  ls
 1023  rm -rf commands.txt
 1024  ls
 1025  sed 's/,/\t/' 0373836635.txt > no_commas.txt
 1026  sed 's/;/\t/' no_commas.txt > no_semicolon.txt
 1027  sed 's/and//g' no_semicolon.txt > no_and.txt
 1028  sed 's/if//g' no_and.txt > no_in.txt
 1029  sed 's/or//g' no_in.txt > no_or.txt
 1030  sed 's/in//g' no_or.txt > no_if.txt
 1031  sed 's/it//g' no_if.txt > no_it.txt
 1032  sed 's/<[^>]*>//g ; /^$/d' no_it.txt > final_output.txt
 1033  ls
 1034  cat final_output.txt
 1035  history>cmds.log
